MongoDB logging. Please note that logging negatively impacts performance and should be disabled for high-performance production apps.
MongoDB logging. Please note that logging negatively impacts performance and should be disabled for high-performance production apps.
MONGODB admin['$cmd'].find({:ismaster=>1})
MONGODB admin['$cmd'].find({:ismaster=>1})


Started GET "/assets/rails.png" for 127.0.0.1 at 2011-09-20 11:46:23 -0400
Served asset /rails.png - 200 OK (4ms)


Started GET "/users" for 127.0.0.1 at 2011-09-20 11:46:25 -0400
  Processing by UsersController#index as HTML
MONGODB chef_tutorial_development['system.namespaces'].find({})
MONGODB chef_tutorial_development['$cmd'].find({:create=>"users"})
MONGODB chef_tutorial_development['users'].find({})
Rendered users/index.html.erb within layouts/application (74.6ms)
Compiled application.css  (3ms)  (pid 18063)
Compiled scaffolds.css  (26ms)  (pid 18063)
Compiled users.css  (1ms)  (pid 18063)
Compiled application.js  (3ms)  (pid 18063)
Compiled jquery.js  (2ms)  (pid 18063)
Compiled jquery_ujs.js  (0ms)  (pid 18063)
Compiled users.js  (143ms)  (pid 18063)
Completed 200 OK in 373ms (Views: 372.3ms)


Started GET "/assets/application.css?body=1" for 127.0.0.1 at 2011-09-20 11:46:26 -0400
Served asset /application.css - 200 OK (5ms)


Started GET "/assets/users.css?body=1" for 127.0.0.1 at 2011-09-20 11:46:26 -0400
Served asset /users.css - 200 OK (4ms)


Started GET "/assets/scaffolds.css?body=1" for 127.0.0.1 at 2011-09-20 11:46:26 -0400
Served asset /scaffolds.css - 200 OK (4ms)


Started GET "/assets/jquery.js?body=1" for 127.0.0.1 at 2011-09-20 11:46:26 -0400
Served asset /jquery.js - 200 OK (46ms)


Started GET "/assets/jquery_ujs.js?body=1" for 127.0.0.1 at 2011-09-20 11:46:26 -0400
Served asset /jquery_ujs.js - 200 OK (3ms)


Started GET "/assets/users.js?body=1" for 127.0.0.1 at 2011-09-20 11:46:26 -0400
Served asset /users.js - 200 OK (5ms)


Started GET "/assets/application.js?body=1" for 127.0.0.1 at 2011-09-20 11:46:26 -0400
Served asset /application.js - 200 OK (3ms)


Started GET "/users" for 127.0.0.1 at 2011-09-20 11:46:26 -0400
  Processing by UsersController#index as HTML
MONGODB chef_tutorial_development['system.namespaces'].find({})
MONGODB chef_tutorial_development['users'].find({})
Rendered users/index.html.erb within layouts/application (2.1ms)
Completed 200 OK in 9ms (Views: 8.7ms)


Started GET "/assets/application.css?body=1" for 127.0.0.1 at 2011-09-20 11:46:26 -0400
Served asset /application.css - 200 OK (0ms)


Started GET "/assets/jquery.js?body=1" for 127.0.0.1 at 2011-09-20 11:46:26 -0400
Served asset /jquery.js - 200 OK (0ms)


Started GET "/assets/scaffolds.css?body=1" for 127.0.0.1 at 2011-09-20 11:46:26 -0400
Served asset /scaffolds.css - 304 Not Modified (0ms)


Started GET "/assets/jquery_ujs.js?body=1" for 127.0.0.1 at 2011-09-20 11:46:26 -0400
Served asset /jquery_ujs.js - 200 OK (0ms)


Started GET "/assets/users.css?body=1" for 127.0.0.1 at 2011-09-20 11:46:26 -0400
Served asset /users.css - 304 Not Modified (0ms)


Started GET "/assets/users.js?body=1" for 127.0.0.1 at 2011-09-20 11:46:26 -0400
Served asset /users.js - 200 OK (0ms)


Started GET "/assets/application.js?body=1" for 127.0.0.1 at 2011-09-20 11:46:26 -0400
Served asset /application.js - 200 OK (0ms)


Started GET "/users/new" for 127.0.0.1 at 2011-09-20 11:46:27 -0400
  Processing by UsersController#new as HTML
Rendered users/_form.html.erb (4.8ms)
Rendered users/new.html.erb within layouts/application (16.1ms)
Completed 200 OK in 22ms (Views: 21.6ms)


Started GET "/assets/scaffolds.css?body=1" for 127.0.0.1 at 2011-09-20 11:46:28 -0400
Served asset /scaffolds.css - 304 Not Modified (0ms)


Started GET "/assets/users.css?body=1" for 127.0.0.1 at 2011-09-20 11:46:28 -0400
Served asset /users.css - 304 Not Modified (0ms)


Started POST "/users" for 127.0.0.1 at 2011-09-20 11:46:32 -0400
  Processing by UsersController#create as HTML
  Parameters: {"utf8"=>"✓", "authenticity_token"=>"nBtoCpqTZSH9a4pau/7ruQ6tTfdjFn2xIIABIHVkV7o=", "user"=>{"name"=>"Reed", "email"=>"reed@smashingboxes.com"}, "commit"=>"Create User"}
MONGODB chef_tutorial_development['system.namespaces'].find({})
MONGODB chef_tutorial_development['users'].insert([{"name"=>"Reed", "email"=>"reed@smashingboxes.com", "_id"=>BSON::ObjectId('4e78b5581f4851468f000002')}])
Redirected to http://0.0.0.0:3000/users/4e78b5581f4851468f000002
Completed 302 Found in 3ms


Started GET "/users/4e78b5581f4851468f000002" for 127.0.0.1 at 2011-09-20 11:46:32 -0400
  Processing by UsersController#show as HTML
  Parameters: {"id"=>"4e78b5581f4851468f000002"}
MONGODB chef_tutorial_development['system.namespaces'].find({})
MONGODB chef_tutorial_development['users'].find({:_id=>BSON::ObjectId('4e78b5581f4851468f000002')})
Rendered users/show.html.erb within layouts/application (1.4ms)
Completed 200 OK in 9ms (Views: 7.0ms)


Started GET "/assets/scaffolds.css?body=1" for 127.0.0.1 at 2011-09-20 11:46:32 -0400
Served asset /scaffolds.css - 304 Not Modified (0ms)


Started GET "/assets/users.css?body=1" for 127.0.0.1 at 2011-09-20 11:46:32 -0400
Served asset /users.css - 304 Not Modified (0ms)


Started GET "/users" for 127.0.0.1 at 2011-09-20 11:46:33 -0400
  Processing by UsersController#index as HTML
MONGODB chef_tutorial_development['system.namespaces'].find({})
MONGODB chef_tutorial_development['users'].find({})
Rendered users/index.html.erb within layouts/application (6.3ms)
Completed 200 OK in 14ms (Views: 13.0ms)


Started GET "/assets/scaffolds.css?body=1" for 127.0.0.1 at 2011-09-20 11:46:33 -0400
Served asset /scaffolds.css - 304 Not Modified (0ms)


Started GET "/assets/users.css?body=1" for 127.0.0.1 at 2011-09-20 11:46:33 -0400
Served asset /users.css - 304 Not Modified (0ms)
MongoDB logging. Please note that logging negatively impacts performance and should be disabled for high-performance production apps.
MONGODB admin['$cmd'].find({:ismaster=>1})
MONGODB admin['$cmd'].find({:ismaster=>1})


Started GET "/" for 127.0.0.1 at 2011-09-20 11:47:11 -0400
  Processing by UsersController#index as HTML
MONGODB chef_tutorial_development['system.namespaces'].find({})
MONGODB chef_tutorial_development['users'].find({})
Rendered users/index.html.erb within layouts/application (22.8ms)
Completed 200 OK in 80ms (Views: 79.5ms)


Started GET "/assets/scaffolds.css?body=1" for 127.0.0.1 at 2011-09-20 11:47:12 -0400
Served asset /scaffolds.css - 304 Not Modified (1ms)


Started GET "/assets/users.css?body=1" for 127.0.0.1 at 2011-09-20 11:47:12 -0400
Served asset /users.css - 304 Not Modified (3ms)


Started GET "/assets/application.css?body=1" for 127.0.0.1 at 2011-09-20 11:47:12 -0400
Served asset /application.css - 304 Not Modified (0ms)


Started GET "/assets/users.js?body=1" for 127.0.0.1 at 2011-09-20 11:47:12 -0400
Served asset /users.js - 304 Not Modified (3ms)


Started GET "/assets/application.js?body=1" for 127.0.0.1 at 2011-09-20 11:47:12 -0400
Served asset /application.js - 304 Not Modified (0ms)
